Arguments: 
  /home/reza/.config/versions/node/v12.18.3/bin/node /usr/share/yarn/bin/yarn.js add express body-parser morgan cors sequelize

PATH: 
  /home/reza/anaconda3/bin:/home/reza/anaconda3/condabin:/home/reza/.config/versions/node/v12.18.3/bin:/usr/local/sbin:/usr/local/bin:/usr/sbin:/usr/bin:/sbin:/bin:/usr/games:/usr/local/games:/snap/bin:/home/reza/Android/Sdk/emulator:/home/reza/Android/Sdk/tools:/home/reza/Android/Sdk/tools/bin:/home/reza/Android/Sdk/platform-tools:/opt/ReactNativeDebugger

Yarn version: 
  1.22.5

Node version: 
  12.18.3

Platform: 
  linux x64

Trace: 
  Error: getaddrinfo EAI_AGAIN registry.yarnpkg.com
      at GetAddrInfoReqWrap.onlookup [as oncomplete] (dns.js:66:26)

npm manifest: 
  {
    "name": "backend",
    "version": "1.0.0",
    "main": "index.js",
    "license": "MIT"
  }

yarn manifest: 
  No manifest

Lockfile: 
  No lockfile
